2012-08-23 08:13:40 Debug: Notice (1024): Please change the value of 'Security.salt' in app/config/core.php to a salt value specific to your application in [C:\wamp\www\biblioteca\cake\libs\debugger.php, line 694]
2012-08-23 08:13:40 Debug: Notice (1024): Please change the value of 'Security.cipherSeed' in app/config/core.php to a numeric (digits only) seed value specific to your application in [C:\wamp\www\biblioteca\cake\libs\debugger.php, line 698]
2012-08-23 15:21:44 Debug: Notice (8): Array to string conversion in [C:\wamp\www\biblioteca\cake\libs\router.php, line 1573]
2012-08-23 15:22:58 Debug: Notice (8): Array to string conversion in [C:\wamp\www\biblioteca\cake\libs\router.php, line 1573]
2012-08-24 06:48:31 Debug: Notice (8): Undefined property: WebController::$Texto in [C:\wamp\www\biblioteca\app\controllers\web_controller.php, line 14]
2012-08-24 06:49:22 Debug: Notice (8): Use of undefined constant Texto - assumed 'Texto' in [C:\wamp\www\biblioteca\app\controllers\web_controller.php, line 13]
2012-08-24 06:49:22 Debug: Notice (8): Use of undefined constant fecha_adquisicion - assumed 'fecha_adquisicion' in [C:\wamp\www\biblioteca\app\controllers\web_controller.php, line 13]
2012-08-24 06:49:22 Debug: Notice (8): Undefined variable: texto in [C:\wamp\www\biblioteca\app\views\web\index.ctp, line 37]
2012-08-24 06:51:57 Debug: Notice (8): Use of undefined constant Texto - assumed 'Texto' in [C:\wamp\www\biblioteca\app\controllers\web_controller.php, line 13]
2012-08-24 06:51:57 Debug: Notice (8): Use of undefined constant fecha_adquisicion - assumed 'fecha_adquisicion' in [C:\wamp\www\biblioteca\app\controllers\web_controller.php, line 13]
2012-08-24 06:51:57 Debug: Notice (8): Undefined variable: texto in [C:\wamp\www\biblioteca\app\views\web\index.ctp, line 37]
2012-08-24 06:52:15 Debug: Notice (8): Use of undefined constant fecha_adquisicion - assumed 'fecha_adquisicion' in [C:\wamp\www\biblioteca\app\controllers\web_controller.php, line 13]
2012-08-24 06:52:16 Debug: Notice (8): Undefined variable: texto in [C:\wamp\www\biblioteca\app\views\web\index.ctp, line 37]
2012-08-24 06:52:43 Debug: Notice (8): Use of undefined constant texto - assumed 'texto' in [C:\wamp\www\biblioteca\app\controllers\web_controller.php, line 13]
2012-08-24 06:52:43 Debug: Notice (8): Use of undefined constant fecha_adquisicion - assumed 'fecha_adquisicion' in [C:\wamp\www\biblioteca\app\controllers\web_controller.php, line 13]
2012-08-24 06:52:43 Debug: Notice (8): Undefined variable: texto in [C:\wamp\www\biblioteca\app\views\web\index.ctp, line 37]
2012-08-24 06:54:06 Debug: Notice (8): Undefined variable: texto in [C:\wamp\www\biblioteca\app\views\web\index.ctp, line 37]
2012-08-24 07:03:25 Debug: Notice (8): Undefined variable: texto in [C:\wamp\www\biblioteca\app\views\web\index.ctp, line 34]
2012-08-24 07:03:25 Debug: Notice (8): Undefined variable: texto in [C:\wamp\www\biblioteca\app\views\web\index.ctp, line 35]
2012-08-24 07:07:49 Debug: Notice (8): Undefined index:  Titulo in [C:\wamp\www\biblioteca\app\views\web\index.ctp, line 37]
2012-08-24 07:07:49 Debug: Notice (8): Undefined index:  cantidad_total in [C:\wamp\www\biblioteca\app\views\web\index.ctp, line 40]
2012-08-25 13:34:11 Debug: Notice (8): Undefined property: UsuariosController::$Sede in [C:\wamp\www\biblioteca-ujcm\app\controllers\usuarios_controller.php, line 13]
2012-08-26 08:45:59 Debug: Notice (8): Undefined index:  nombre_usuario in [C:\wamp\www\biblioteca-ujcm\app\views\usuarios\index.ctp, line 17]
2012-08-27 00:40:27 Debug: Notice (8): Undefined variable: value in [C:\wamp\www\biblioteca-final\app\views\usuarios\editar.ctp, line 9]
2012-08-27 00:59:33 Debug: Notice (8): Undefined index: UsuarioIdValue in [C:\wamp\www\biblioteca-final\app\controllers\usuarios_controller.php, line 46]
2012-08-27 01:18:23 Debug: Notice (8): Undefined index: UsuarioIdEditar in [C:\wamp\www\biblioteca-final\app\controllers\usuarios_controller.php, line 46]
2012-08-27 01:18:59 Debug: Notice (8): Undefined index: UsuarioIdEditar in [C:\wamp\www\biblioteca-final\app\controllers\usuarios_controller.php, line 46]
2012-08-27 08:49:15 Debug: Notice (8): Undefined variable: usuarios in [C:\wamp\www\biblioteca-final\app\views\usuarios\index.ctp, line 54]
2012-08-27 08:49:55 Debug: Notice (8): Undefined variable: usuarios in [C:\wamp\www\biblioteca-final\app\views\usuarios\index.ctp, line 54]
2012-08-27 08:50:38 Debug: Notice (8): Undefined variable: usuarios in [C:\wamp\www\biblioteca-final\app\views\usuarios\index.ctp, line 54]
2012-08-27 08:50:39 Debug: Notice (8): Undefined variable: usuarios in [C:\wamp\www\biblioteca-final\app\views\usuarios\index.ctp, line 54]
2012-08-27 08:50:40 Debug: Notice (8): Undefined variable: usuarios in [C:\wamp\www\biblioteca-final\app\views\usuarios\index.ctp, line 54]
2012-08-27 08:50:41 Debug: Notice (8): Undefined variable: usuarios in [C:\wamp\www\biblioteca-final\app\views\usuarios\index.ctp, line 54]
2012-08-27 08:50:52 Debug: Notice (8): Undefined variable: usuarios in [C:\wamp\www\biblioteca-final\app\views\usuarios\index.ctp, line 54]
2012-08-27 09:04:24 Debug: Notice (8): Undefined index: icono in [C:\wamp\www\biblioteca-final\app\views\textos\index.ctp, line 21]
2012-08-27 09:04:47 Debug: Notice (8): Undefined index: icono in [C:\wamp\www\biblioteca-final\app\views\textos\index.ctp, line 22]
2012-08-27 09:08:07 Debug: Notice (8): Undefined index: button in [C:\wamp\www\biblioteca-final\app\views\textos\index.ctp, line 20]
2012-08-27 09:16:10 Debug: Notice (8): Undefined property: TextosController::$Texto in [C:\wamp\www\biblioteca-final\app\controllers\textos_controller.php, line 23]
2012-08-27 09:41:44 Debug: Notice (8): Undefined variable: categorias in [C:\wamp\www\biblioteca-final\app\views\textos\categoria.ctp, line 16]
2012-08-27 09:41:52 Debug: Notice (8): Undefined variable: categorias in [C:\wamp\www\biblioteca-final\app\views\textos\categoria.ctp, line 16]
2012-08-27 09:42:13 Debug: Notice (8): Undefined variable: categorias in [C:\wamp\www\biblioteca-final\app\views\textos\categoria.ctp, line 16]
2012-08-27 09:42:17 Debug: Notice (8): Undefined variable: categorias in [C:\wamp\www\biblioteca-final\app\views\textos\categoria.ctp, line 16]
2012-08-27 10:17:14 Debug: Notice (8): Undefined index: UsuarioIdValue in [C:\wamp\www\biblioteca-final\app\controllers\usuarios_controller.php, line 46]
2012-08-27 10:33:45 Debug: Notice (8): Undefined index: codigo in [C:\wamp\www\biblioteca-final\app\views\textos\detalle.ctp, line 14]
2012-08-27 11:11:28 Debug: Notice (8): Undefined index: UsuarioIdValue in [C:\wamp\www\biblioteca-final\app\controllers\usuarios_controller.php, line 46]
2012-08-27 11:15:51 Debug: Notice (8): Undefined index: UsuarioIdValue in [C:\wamp\www\biblioteca-final\app\controllers\usuarios_controller.php, line 46]
2012-08-27 14:57:47 Debug: Notice (8): Undefined property: AppModel::$Lectore in [C:\wamp\www\biblioteca-final\app\controllers\prestamos_controller.php, line 14]
2012-08-27 14:58:39 Debug: Notice (8): Undefined property: Prestamo::$Texto in [C:\wamp\www\biblioteca-final\app\controllers\prestamos_controller.php, line 15]
2012-08-27 14:59:04 Debug: Notice (8): Undefined property: Prestamo::$Texto in [C:\wamp\www\biblioteca-final\app\controllers\prestamos_controller.php, line 15]
2012-08-27 16:37:17 Debug: Notice (8): Undefined index: id in [C:\wamp\www\biblioteca-final\app\views\prestamos\prestamo_add.ctp, line 55]
2012-08-27 16:37:17 Debug: Notice (8): Undefined index: nombre_lector in [C:\wamp\www\biblioteca-final\app\views\prestamos\prestamo_add.ctp, line 56]
2012-08-27 16:37:17 Debug: Notice (8): Undefined index: id in [C:\wamp\www\biblioteca-final\app\views\prestamos\prestamo_add.ctp, line 80]
2012-08-27 16:37:17 Debug: Notice (8): Undefined index: nombre_lector in [C:\wamp\www\biblioteca-final\app\views\prestamos\prestamo_add.ctp, line 81]
2012-08-27 17:04:13 Debug: Notice (8): Undefined index: Ejemplare in [C:\wamp\www\biblioteca-final\app\views\prestamos\prestamo_add.ctp, line 89]
2012-08-27 17:15:21 Debug: Notice (8): Undefined index: titulo in [C:\wamp\www\biblioteca-final\app\views\prestamos\prestamo_add.ctp, line 92]
2012-08-27 17:15:21 Debug: Notice (8): Undefined index: autor in [C:\wamp\www\biblioteca-final\app\views\prestamos\prestamo_add.ctp, line 93]
2012-08-28 00:26:18 Debug: Notice (8): Undefined property: View::$form in [C:\wamp\www\biblioteca-final\app\views\prestamos\prestamo_add.ctp, line 9]
2012-08-28 00:32:57 Debug: Notice (8): Undefined index: Texto in [C:\wamp\www\biblioteca-final\app\views\prestamos\index.ctp, line 45]
2012-08-28 16:23:57 Debug: Notice (8): Undefined index: idioma in [C:\wamp\www\biblioteca-final\app\views\textos\index.ctp, line 47]
2012-08-28 16:40:20 Debug: Notice (8): Undefined index: idioma in [C:\wamp\www\biblioteca-final\app\views\adquisiciones\libro_index.ctp, line 25]
2012-08-28 16:41:06 Debug: Notice (8): Undefined index: idioma in [C:\wamp\www\biblioteca-final\app\views\adquisiciones\libro_index.ctp, line 25]
2012-08-28 16:41:46 Debug: Notice (8): Undefined index: idioma in [C:\wamp\www\biblioteca-final\app\views\textos\index.ctp, line 47]
2012-08-28 16:41:48 Debug: Notice (8): Undefined index: idioma in [C:\wamp\www\biblioteca-final\app\views\textos\categoria.ctp, line 48]
2012-08-28 16:52:45 Debug: Notice (8): Undefined index: idioma in [C:\wamp\www\biblioteca-final\app\views\adquisiciones\libro_index.ctp, line 25]
2012-08-28 17:35:45 Debug: Notice (8): Undefined property: AdquisicionesController::$Ejemplare in [C:\wamp\www\biblioteca-final\app\controllers\adquisiciones_controller.php, line 53]
2012-08-28 17:35:45 Debug: Notice (8): Trying to get property of non-object in [C:\wamp\www\biblioteca-final\app\controllers\adquisiciones_controller.php, line 53]
2012-08-28 17:36:00 Debug: Notice (8): Undefined index: idioma in [C:\wamp\www\biblioteca-final\app\views\adquisiciones\detalle.ctp, line 37]
2012-08-28 17:36:24 Debug: Notice (8): Undefined index: Idioma in [C:\wamp\www\biblioteca-final\app\views\adquisiciones\detalle.ctp, line 37]
2012-08-28 17:37:15 Debug: Notice (8): Undefined index: idioma in [C:\wamp\www\biblioteca-final\app\views\textos\index.ctp, line 47]
2012-08-28 17:38:08 Debug: Notice (8): Undefined index: idioma in [C:\wamp\www\biblioteca-final\app\views\textos\index.ctp, line 47]
2012-08-28 17:38:50 Debug: Notice (8): Undefined index: idioma in [C:\wamp\www\biblioteca-final\app\views\textos\categoria.ctp, line 48]
2012-08-28 19:10:24 Debug: Notice (8): Undefined index: archivo in [C:\wamp\www\biblioteca-final\app\controllers\adquisiciones_controller.php, line 27]
2012-08-28 19:49:08 Debug: Notice (8): Undefined index: archivo in [C:\wamp\www\biblioteca-final\app\controllers\adquisiciones_controller.php, line 27]
2012-08-28 19:49:25 Debug: Notice (8): Undefined index: archivo in [C:\wamp\www\biblioteca-final\app\controllers\adquisiciones_controller.php, line 27]
2012-08-28 20:12:16 Debug: Notice (8): Undefined index: textoIdValue in [C:\wamp\www\biblioteca-final\app\controllers\adquisiciones_controller.php, line 47]
2012-08-28 20:13:14 Debug: Notice (8): Undefined index: textoIdValue in [C:\wamp\www\biblioteca-final\app\controllers\adquisiciones_controller.php, line 47]
2012-08-28 20:13:37 Debug: Notice (8): Undefined index: textoIdValue in [C:\wamp\www\biblioteca-final\app\controllers\adquisiciones_controller.php, line 47]
2012-08-28 20:14:11 Debug: Notice (8): Undefined index: textoIdValue in [C:\wamp\www\biblioteca-final\app\controllers\adquisiciones_controller.php, line 47]
2012-08-28 20:15:54 Debug: Notice (8): Undefined index: textoIdValue in [C:\wamp\www\biblioteca-final\app\controllers\adquisiciones_controller.php, line 47]
2012-08-28 20:17:18 Debug: Notice (8): Undefined index: textoIdValue in [C:\wamp\www\biblioteca-final\app\controllers\adquisiciones_controller.php, line 47]
2012-08-28 20:28:52 Debug: Notice (8): Undefined index: codigo in [C:\wamp\www\biblioteca-final\app\views\adquisiciones\ejemplar_add.ctp, line 16]
2012-08-28 22:14:33 Debug: Notice (8): Undefined index: TextoIdValue in [C:\wamp\www\biblioteca-final\app\controllers\adquisiciones_controller.php, line 59]
2012-08-28 22:22:12 Debug: Notice (8): Undefined index: TextoIdValue in [C:\wamp\www\biblioteca-final\app\controllers\adquisiciones_controller.php, line 59]
2012-08-29 00:11:11 Debug: Notice (8): Undefined index: idioma in [C:\wamp\www\biblioteca-final\app\views\textos\detalle.ctp, line 37]
2012-08-29 01:49:31 Debug: Notice (8): Undefined variable: categorias in [C:\wamp\www\biblioteca-final\app\controllers\adquisiciones_controller.php, line 13]
2012-08-29 01:50:51 Debug: Notice (8): Undefined variable: categorias in [C:\wamp\www\biblioteca-final\app\controllers\adquisiciones_controller.php, line 13]
2012-08-29 01:50:51 Debug: Notice (8): Undefined variable: texto in [C:\wamp\www\biblioteca-final\app\views\adquisiciones\index.ctp, line 65]
2012-08-29 01:51:40 Debug: Notice (8): Undefined variable: categorias in [C:\wamp\www\biblioteca-final\app\controllers\adquisiciones_controller.php, line 13]
2012-08-29 01:59:30 Debug: Notice (8): Undefined index: codigo in [C:\wamp\www\biblioteca-final\app\views\adquisiciones\index.ctp, line 62]
2012-08-29 01:59:31 Debug: Notice (8): Undefined index: Texto in [C:\wamp\www\biblioteca-final\app\views\adquisiciones\index.ctp, line 63]
2012-08-29 01:59:31 Debug: Notice (8): Undefined index: Biblioteca in [C:\wamp\www\biblioteca-final\app\views\adquisiciones\index.ctp, line 64]
2012-08-29 01:59:31 Debug: Notice (8): Undefined index: fecha_adquisicion in [C:\wamp\www\biblioteca-final\app\views\adquisiciones\index.ctp, line 65]
2012-08-29 02:03:04 Debug: Notice (8): Undefined index: codigo in [C:\wamp\www\biblioteca-final\app\views\adquisiciones\index.ctp, line 62]
2012-08-29 02:03:04 Debug: Notice (8): Undefined index: Texto in [C:\wamp\www\biblioteca-final\app\views\adquisiciones\index.ctp, line 63]
2012-08-29 02:03:04 Debug: Notice (8): Undefined index: Biblioteca in [C:\wamp\www\biblioteca-final\app\views\adquisiciones\index.ctp, line 64]
2012-08-29 02:03:26 Debug: Notice (8): Undefined index: codigo in [C:\wamp\www\biblioteca-final\app\views\adquisiciones\index.ctp, line 62]
2012-08-29 02:03:26 Debug: Notice (8): Undefined index: id in [C:\wamp\www\biblioteca-final\app\views\adquisiciones\index.ctp, line 63]
2012-08-29 02:03:26 Debug: Notice (8): Undefined index: Biblioteca in [C:\wamp\www\biblioteca-final\app\views\adquisiciones\index.ctp, line 64]
2012-08-29 02:03:53 Debug: Notice (8): Undefined index: codigo in [C:\wamp\www\biblioteca-final\app\views\adquisiciones\index.ctp, line 62]
2012-08-29 02:03:53 Debug: Notice (8): Undefined index: id in [C:\wamp\www\biblioteca-final\app\views\adquisiciones\index.ctp, line 63]
2012-08-29 02:05:10 Debug: Notice (8): Undefined index: id in [C:\wamp\www\biblioteca-final\app\views\adquisiciones\index.ctp, line 62]
2012-08-29 02:11:48 Debug: Notice (8): Undefined index: id in [C:\wamp\www\biblioteca-final\app\views\adquisiciones\index.ctp, line 62]
2012-08-29 02:11:48 Debug: Notice (8): Undefined index: id in [C:\wamp\www\biblioteca-final\app\views\adquisiciones\index.ctp, line 63]
2012-08-29 02:14:31 Debug: Notice (8): Undefined index: id in [C:\wamp\www\biblioteca-final\app\views\adquisiciones\index.ctp, line 62]
2012-08-29 02:14:31 Debug: Notice (8): Undefined index: id in [C:\wamp\www\biblioteca-final\app\views\adquisiciones\index.ctp, line 63]
2012-08-29 02:14:32 Debug: Notice (8): Undefined index: Biblioteca in [C:\wamp\www\biblioteca-final\app\views\adquisiciones\index.ctp, line 64]
2012-08-29 02:17:18 Debug: Notice (8): Undefined index: id in [C:\wamp\www\biblioteca-final\app\views\adquisiciones\index.ctp, line 62]
2012-08-29 02:17:18 Debug: Notice (8): Undefined index: id in [C:\wamp\www\biblioteca-final\app\views\adquisiciones\index.ctp, line 63]
2012-08-29 02:18:29 Debug: Notice (8): Undefined index: Texto in [C:\wamp\www\biblioteca-final\app\views\adquisiciones\index.ctp, line 62]
2012-08-29 02:18:29 Debug: Notice (8): Undefined index: Texto in [C:\wamp\www\biblioteca-final\app\views\adquisiciones\index.ctp, line 63]
2012-08-29 02:18:29 Debug: Notice (8): Undefined index: Biblioteca in [C:\wamp\www\biblioteca-final\app\views\adquisiciones\index.ctp, line 64]
2012-08-29 02:18:29 Debug: Notice (8): Undefined index: fecha_adquisicion in [C:\wamp\www\biblioteca-final\app\views\adquisiciones\index.ctp, line 65]
2012-08-29 02:19:28 Debug: Notice (8): Undefined index: Texto in [C:\wamp\www\biblioteca-final\app\views\adquisiciones\index.ctp, line 62]
2012-08-29 02:19:28 Debug: Notice (8): Undefined index: Texto in [C:\wamp\www\biblioteca-final\app\views\adquisiciones\index.ctp, line 63]
2012-08-29 02:19:28 Debug: Notice (8): Undefined index: Biblioteca in [C:\wamp\www\biblioteca-final\app\views\adquisiciones\index.ctp, line 64]
2012-08-29 02:19:28 Debug: Notice (8): Undefined index: fecha_adquisicion in [C:\wamp\www\biblioteca-final\app\views\adquisiciones\index.ctp, line 65]
2012-08-29 02:22:16 Debug: Notice (8): Undefined index: id in [C:\wamp\www\biblioteca-final\app\views\adquisiciones\index.ctp, line 62]
2012-08-29 02:22:16 Debug: Notice (8): Undefined index: id in [C:\wamp\www\biblioteca-final\app\views\adquisiciones\index.ctp, line 63]
2012-08-29 02:23:30 Debug: Notice (8): Undefined index: id in [C:\wamp\www\biblioteca-final\app\views\adquisiciones\index.ctp, line 63]
2012-08-29 03:17:41 Debug: Notice (8): Undefined index: nombre_lector in [C:\wamp\www\biblioteca-final\app\views\adquisiciones\archivo_index.ctp, line 61]
2012-08-29 03:19:14 Debug: Notice (8): Undefined index: nombre_lector in [C:\wamp\www\biblioteca-final\app\views\adquisiciones\archivo_index.ctp, line 62]
2012-08-29 05:28:45 Debug: Notice (8): Undefined index: idioma in [C:\wamp\www\biblioteca-final\app\views\textos\detalle.ctp, line 37]
2012-08-29 05:28:54 Debug: Notice (8): Undefined index: idioma in [C:\wamp\www\biblioteca-final\app\views\textos\detalle.ctp, line 37]
2012-08-29 05:28:58 Debug: Notice (8): Undefined index: idioma in [C:\wamp\www\biblioteca-final\app\views\textos\detalle.ctp, line 37]
2012-08-29 07:53:56 Debug: Notice (8): Undefined variable: textos in [C:\wamp\www\biblioteca-final\app\views\adquisiciones\index.ctp, line 97]
2012-08-29 08:30:55 Debug: Notice (8): Undefined property: BibliotecaController::$Biblioteca in [C:\wamp\www\biblioteca-ujcm\app\controllers\biblioteca_controller.php, line 15]
2012-08-29 05:49:56 Notice: Notice (8): Undefined index: fecha_adquisicion in [/home/vol11/byethost9.com/b9_11239104/htdocs/biblioteca-ujcm/app/views/web/index.ctp, line 87]
2012-08-29 05:50:47 Notice: Notice (8): Undefined index: fecha_adquisicion in [/home/vol11/byethost9.com/b9_11239104/htdocs/biblioteca-ujcm/app/views/web/index.ctp, line 87]
2012-08-29 05:52:28 Notice: Notice (8): Undefined index: fecha_adquisicion in [/home/vol11/byethost9.com/b9_11239104/htdocs/biblioteca-ujcm/app/views/web/index.ctp, line 87]
2012-08-29 06:02:23 Notice: Notice (8): Undefined index: codigo in [/home/vol11/byethost9.com/b9_11239104/htdocs/biblioteca-ujcm/app/views/catalogo/busqueda_general.ctp, line 42]
2012-08-29 06:19:13 Notice: Notice (8): Undefined index: codigo in [/home/vol11/byethost9.com/b9_11239104/htdocs/biblioteca-ujcm/app/views/adquisiciones/index.ctp, line 72]
2012-08-29 06:19:13 Notice: Notice (8): Undefined index: Categoria in [/home/vol11/byethost9.com/b9_11239104/htdocs/biblioteca-ujcm/app/views/adquisiciones/index.ctp, line 74]
2012-08-29 06:19:13 Notice: Notice (8): Undefined variable: textos in [/home/vol11/byethost9.com/b9_11239104/htdocs/biblioteca-ujcm/app/views/adquisiciones/index.ctp, line 97]
2012-08-29 06:20:38 Notice: Notice (8): Undefined index: codigo in [/home/vol11/byethost9.com/b9_11239104/htdocs/biblioteca-ujcm/app/views/adquisiciones/index.ctp, line 72]
2012-08-29 06:20:38 Notice: Notice (8): Undefined index: Categoria in [/home/vol11/byethost9.com/b9_11239104/htdocs/biblioteca-ujcm/app/views/adquisiciones/index.ctp, line 74]
2012-08-29 06:20:38 Notice: Notice (8): Undefined variable: textos in [/home/vol11/byethost9.com/b9_11239104/htdocs/biblioteca-ujcm/app/views/adquisiciones/index.ctp, line 97]
2012-08-29 06:26:09 Notice: Notice (8): Undefined index: fecha_adquisicion in [/home/vol11/byethost9.com/b9_11239104/htdocs/biblioteca-ujcm/app/views/adquisiciones/archivo_index.ctp, line 72]
2012-08-29 06:31:34 Notice: Notice (8): Undefined index: idioma in [/home/vol11/byethost9.com/b9_11239104/htdocs/biblioteca-ujcm/app/views/textos/detalle.ctp, line 37]
2012-08-29 06:32:26 Notice: Notice (8): Undefined index: Idioma in [/home/vol11/byethost9.com/b9_11239104/htdocs/biblioteca-ujcm/app/views/textos/detalle.ctp, line 37]
2012-08-29 06:32:31 Notice: Notice (8): Undefined index: Idioma in [/home/vol11/byethost9.com/b9_11239104/htdocs/biblioteca-ujcm/app/views/textos/detalle.ctp, line 37]
2012-08-29 06:32:57 Notice: Notice (8): Undefined index: Idioma in [/home/vol11/byethost9.com/b9_11239104/htdocs/biblioteca-ujcm/app/views/textos/detalle.ctp, line 37]
2012-08-29 06:43:12 Notice: Notice (8): Undefined index: fecha_adquisicion in [/home/vol11/byethost9.com/b9_11239104/htdocs/biblioteca-ujcm/app/views/lectores/index.ctp, line 62]
2012-08-29 06:43:12 Notice: Notice (8): Undefined index: fecha_adquisicion in [/home/vol11/byethost9.com/b9_11239104/htdocs/biblioteca-ujcm/app/views/lectores/index.ctp, line 116]
2012-08-29 06:43:12 Notice: Notice (8): Undefined index: fecha_adquisicion in [/home/vol11/byethost9.com/b9_11239104/htdocs/biblioteca-ujcm/app/views/lectores/index.ctp, line 143]
2012-08-29 06:52:18 Notice: Notice (8): Undefined index: fecha_adquisicion in [/home/vol11/byethost9.com/b9_11239104/htdocs/biblioteca-ujcm/app/views/lectores/archivos.ctp, line 68]
2012-08-29 07:23:06 Notice: Notice (8): Undefined index: nombre_lector in [/home/vol11/byethost9.com/b9_11239104/htdocs/biblioteca-ujcm/app/views/adquisiciones/index.ctp, line 103]
2012-08-29 07:24:42 Notice: Notice (8): Undefined index: nombre_lector in [/home/vol11/byethost9.com/b9_11239104/htdocs/biblioteca-ujcm/app/views/adquisiciones/index.ctp, line 103]
2012-08-29 07:29:03 Notice: Notice (8): Undefined index: TextoIdValue in [/home/vol11/byethost9.com/b9_11239104/htdocs/biblioteca-ujcm/app/controllers/adquisiciones_controller.php, line 310]
2012-08-29 07:30:28 Notice: Notice (8): Undefined index: TextoIdValue in [/home/vol11/byethost9.com/b9_11239104/htdocs/biblioteca-ujcm/app/controllers/adquisiciones_controller.php, line 310]
2012-08-29 07:31:56 Notice: Notice (8): Undefined index: Idioma in [/home/vol11/byethost9.com/b9_11239104/htdocs/biblioteca-ujcm/app/views/textos/detalle.ctp, line 37]
2012-08-29 08:02:02 Notice: Notice (8): Undefined index: archivo_imagen in [/home/vol11/byethost9.com/b9_11239104/htdocs/biblioteca-ujcm/app/controllers/adquisiciones_controller.php, line 255]
2012-08-29 08:02:02 Notice: Notice (8): Undefined index: archivo_imagen in [/home/vol11/byethost9.com/b9_11239104/htdocs/biblioteca-ujcm/app/controllers/adquisiciones_controller.php, line 262]
2012-08-29 17:19:28 Notice: Notice (8): Undefined index: archivo_imagen in [/home/acredita/public_html/biblioteca/app/controllers/lectores_controller.php, line 160]
2012-08-29 17:19:28 Notice: Notice (8): Undefined index: archivo_imagen in [/home/acredita/public_html/biblioteca/app/controllers/lectores_controller.php, line 168]
2012-08-29 17:25:39 Notice: Notice (8): Undefined index: TextoIdValue in [/home/acredita/public_html/biblioteca/app/controllers/adquisiciones_controller.php, line 310]
2012-08-29 17:26:51 Notice: Notice (8): Undefined index: TextoIdValue in [/home/acredita/public_html/biblioteca/app/controllers/adquisiciones_controller.php, line 310]
2012-08-29 18:06:46 Notice: Notice (8): Undefined index: UsuarioIdValue in [/home/acredita/public_html/biblioteca/app/controllers/usuarios_controller.php, line 46]
2012-08-29 18:07:00 Notice: Notice (8): Undefined index: UsuarioIdValue in [/home/acredita/public_html/biblioteca/app/controllers/usuarios_controller.php, line 46]
2012-08-29 19:35:22 Notice: Notice (8): Undefined index: UsuarioIdValue in [/home/acredita/public_html/biblioteca/app/controllers/usuarios_controller.php, line 46]
2012-08-29 19:35:28 Notice: Notice (8): Undefined index: UsuarioIdValue in [/home/acredita/public_html/biblioteca/app/controllers/usuarios_controller.php, line 46]
2012-08-29 20:29:13 Notice: Notice (8): Undefined index: Texto in [/home/acredita/public_html/biblioteca/app/views/lectores/sanciones.ctp, line 50]
2012-08-30 10:49:39 Notice: Notice (8): Undefined index: TextoIdValue in [/home/acredita/public_html/biblioteca/app/controllers/lectores_controller.php, line 219]
2012-08-30 10:59:19 Notice: Notice (8): Undefined index: TextoIdValue in [/home/acredita/public_html/biblioteca/app/controllers/adquisiciones_controller.php, line 310]
2012-08-30 11:01:51 Notice: Notice (8): Undefined index: TextoIdValue in [/home/acredita/public_html/biblioteca/app/controllers/adquisiciones_controller.php, line 348]
2012-08-30 11:07:16 Notice: Notice (8): Undefined index: TextoIdValue in [/home/acredita/public_html/biblioteca/app/controllers/lectores_controller.php, line 258]
2012-09-02 10:48:48 Notice: Notice (8): Undefined index: TextoIdValue in [/home/acredita/public_html/biblioteca/app/controllers/adquisiciones_controller.php, line 348]
2012-09-10 15:40:55 Debug: Notice (8): Undefined index: UsuarioIdValue in [C:\xampp\htdocs\biblioteca\app\controllers\usuarios_controller.php, line 46]
2012-09-19 18:31:15 Debug: Notice (8): Undefined index:  UsuarioIdValue in [C:\xampp\htdocs\biblioteca\app\controllers\usuarios_controller.php, line 46]
2012-10-23 23:02:35 Debug: Notice (8): Undefined index: UsuarioIdValue in [C:\xampp\htdocs\biblioteca\app\controllers\usuarios_controller.php, line 46]
2012-11-13 08:44:13 Notice: Notice (8): Undefined index: Alumno in [/home/acredita/public_html/biblioteca/app/views/reservas/index.ctp, line 227]
2012-11-13 08:44:13 Notice: Notice (8): Undefined index: Alumno in [/home/acredita/public_html/biblioteca/app/views/reservas/index.ctp, line 231]
2012-11-13 08:44:13 Notice: Notice (8): Undefined index: fecha_devolu in [/home/acredita/public_html/biblioteca/app/views/reservas/index.ctp, line 246]
2013-05-07 19:26:00 Debug: Notice (8): Undefined variable: password in [C:\xampp\htdocs\biblioteca\app\app_controller.php, line 14]
2013-05-07 19:26:00 Debug: Notice (8): Undefined variable: password in [C:\xampp\htdocs\biblioteca\app\app_controller.php, line 14]
2013-05-08 00:19:47 Debug: Notice (8): Undefined index: Alumno in [C:\xampp\htdocs\biblioteca\app\app_controller.php, line 18]
