2012-08-23 08:19:32 Warning: Warning (2): mysql_connect() [<a href='http://php.net/function.mysql-connect'>function.mysql-connect</a>]: Access denied for user 'user'@'localhost' (using password: YES) in [C:\wamp\www\biblioteca\cake\libs\model\datasources\dbo\dbo_mysql.php, line 561]
2012-08-23 08:19:32 Warning: Warning (2): mysql_query() expects parameter 2 to be resource, boolean given in [C:\wamp\www\biblioteca\cake\libs\model\datasources\dbo\dbo_mysql.php, line 613]
2012-08-24 06:49:22 Warning: Warning (512): <span style="color:Red;text-align:left"><b>SQL Error:</b> 1054: Unknown column 'order' in 'where clause'</span> in [C:\wamp\www\biblioteca\cake\libs\model\datasources\dbo_source.php, line 684]
2012-08-24 06:51:57 Warning: Warning (512): <span style="color:Red;text-align:left"><b>SQL Error:</b> 1054: Unknown column 'Textofecha_adquisicion' in 'order clause'</span> in [C:\wamp\www\biblioteca\cake\libs\model\datasources\dbo_source.php, line 684]
2012-08-24 06:52:43 Warning: Warning (512): <span style="color:Red;text-align:left"><b>SQL Error:</b> 1054: Unknown column 'textofecha_adquisicion' in 'order clause'</span> in [C:\wamp\www\biblioteca\cake\libs\model\datasources\dbo_source.php, line 684]
2012-08-24 14:40:57 Warning: Warning (512): Method HtmlHelper::js does not exist in [C:\wamp\www\biblioteca-ujcm\cake\libs\view\helper.php, line 154]
2012-08-25 15:34:29 Warning: Warning (512): <span style="color:Red;text-align:left"><b>SQL Error:</b> 1054: Unknown column 'Texto.usuario_id' in 'on clause'</span> in [C:\wamp\www\biblioteca-ujcm\cake\libs\model\datasources\dbo_source.php, line 684]
2012-08-25 15:34:29 Warning: Warning (2): Invalid argument supplied for foreach() in [C:\wamp\www\biblioteca-ujcm\app\views\web\index.ctp, line 34]
2012-08-26 07:58:38 Warning: Warning (512): <span style="color:Red;text-align:left"><b>SQL Error:</b> 1054: Unknown column 'Texto.usuario_id' in 'on clause'</span> in [C:\wamp\www\biblioteca-ujcm\cake\libs\model\datasources\dbo_source.php, line 684]
2012-08-26 07:58:38 Warning: Warning (2): Invalid argument supplied for foreach() in [C:\wamp\www\biblioteca-ujcm\app\views\web\index.ctp, line 34]
2012-08-26 07:58:38 Warning: Warning (512): <span style="color:Red;text-align:left"><b>SQL Error:</b> 1054: Unknown column 'Texto.usuario_id' in 'on clause'</span> in [C:\wamp\www\biblioteca-ujcm\cake\libs\model\datasources\dbo_source.php, line 684]
2012-08-26 07:58:38 Warning: Warning (2): Invalid argument supplied for foreach() in [C:\wamp\www\biblioteca-ujcm\app\views\web\index.ctp, line 34]
2012-08-26 18:54:44 Warning: Warning (512): <span style="color:Red;text-align:left"><b>SQL Error:</b> 1054: Unknown column 'Texto.usuario_id' in 'on clause'</span> in [C:\wamp\www\biblioteca-final\cake\libs\model\datasources\dbo_source.php, line 684]
2012-08-26 18:54:44 Warning: Warning (2): Invalid argument supplied for foreach() in [C:\wamp\www\biblioteca-final\app\views\web\index.ctp, line 34]
2012-08-27 08:49:15 Warning: Warning (2): Invalid argument supplied for foreach() in [C:\wamp\www\biblioteca-final\app\views\usuarios\index.ctp, line 54]
2012-08-27 08:49:55 Warning: Warning (2): Invalid argument supplied for foreach() in [C:\wamp\www\biblioteca-final\app\views\usuarios\index.ctp, line 54]
2012-08-27 08:50:38 Warning: Warning (2): Invalid argument supplied for foreach() in [C:\wamp\www\biblioteca-final\app\views\usuarios\index.ctp, line 54]
2012-08-27 08:50:39 Warning: Warning (2): Invalid argument supplied for foreach() in [C:\wamp\www\biblioteca-final\app\views\usuarios\index.ctp, line 54]
2012-08-27 08:50:40 Warning: Warning (2): Invalid argument supplied for foreach() in [C:\wamp\www\biblioteca-final\app\views\usuarios\index.ctp, line 54]
2012-08-27 08:50:41 Warning: Warning (2): Invalid argument supplied for foreach() in [C:\wamp\www\biblioteca-final\app\views\usuarios\index.ctp, line 54]
2012-08-27 08:50:52 Warning: Warning (2): Invalid argument supplied for foreach() in [C:\wamp\www\biblioteca-final\app\views\usuarios\index.ctp, line 54]
2012-08-27 09:16:30 Warning: Warning (512): <span style="color:Red;text-align:left"><b>SQL Error:</b> 1054: Unknown column 'Texto.usuario_id' in 'on clause'</span> in [C:\wamp\www\biblioteca-final\cake\libs\model\datasources\dbo_source.php, line 684]
2012-08-27 09:41:44 Warning: Warning (2): Invalid argument supplied for foreach() in [C:\wamp\www\biblioteca-final\app\views\textos\categoria.ctp, line 16]
2012-08-27 09:41:52 Warning: Warning (2): Invalid argument supplied for foreach() in [C:\wamp\www\biblioteca-final\app\views\textos\categoria.ctp, line 16]
2012-08-27 09:42:13 Warning: Warning (2): Invalid argument supplied for foreach() in [C:\wamp\www\biblioteca-final\app\views\textos\categoria.ctp, line 16]
2012-08-27 09:42:17 Warning: Warning (2): Invalid argument supplied for foreach() in [C:\wamp\www\biblioteca-final\app\views\textos\categoria.ctp, line 16]
2012-08-28 16:23:57 Warning: Warning (2): copy() [<a href='http://php.net/function.copy'>function.copy</a>]: Filename cannot be empty in [C:\wamp\www\biblioteca-final\app\controllers\adquisiciones_controller.php, line 25]
2012-08-28 17:28:08 Warning: Warning (2): copy(img/imagenes/fundamentosdebasesdedatos.jpg) [<a href='http://php.net/function.copy'>function.copy</a>]: failed to open stream: No such file or directory in [C:\wamp\www\biblioteca-final\app\controllers\adquisiciones_controller.php, line 31]
2012-08-28 18:24:24 Warning: Warning (2): copy() [<a href='http://php.net/function.copy'>function.copy</a>]: Filename cannot be empty in [C:\wamp\www\biblioteca-final\app\controllers\adquisiciones_controller.php, line 31]
2012-08-28 19:10:24 Warning: Warning (512): <span style="color:Red;text-align:left"><b>SQL Error:</b> 1452: Cannot add or update a child row: a foreign key constraint fails (`bd_ujcmbiblio_2`.`textos`, CONSTRAINT `fk_libro_subcategoria1` FOREIGN KEY (`subcategoria_id`) REFERENCES `subcategorias` (`id`) ON DELETE NO ACTION ON UPDATE NO ACTION)</span> in [C:\wamp\www\biblioteca-final\cake\libs\model\datasources\dbo_source.php, line 684]
2012-08-28 19:43:44 Warning: Warning (2): copy() [<a href='http://php.net/function.copy'>function.copy</a>]: Filename cannot be empty in [C:\wamp\www\biblioteca-final\app\controllers\adquisiciones_controller.php, line 31]
2012-08-28 19:46:09 Warning: Warning (2): copy() [<a href='http://php.net/function.copy'>function.copy</a>]: Filename cannot be empty in [C:\wamp\www\biblioteca-final\app\controllers\adquisiciones_controller.php, line 31]
2012-08-28 19:49:08 Warning: Warning (512): <span style="color:Red;text-align:left"><b>SQL Error:</b> 1452: Cannot add or update a child row: a foreign key constraint fails (`bd_ujcmbiblio_2`.`textos`, CONSTRAINT `fk_libro_subcategoria1` FOREIGN KEY (`subcategoria_id`) REFERENCES `subcategorias` (`id`) ON DELETE NO ACTION ON UPDATE NO ACTION)</span> in [C:\wamp\www\biblioteca-final\cake\libs\model\datasources\dbo_source.php, line 684]
2012-08-28 19:49:25 Warning: Warning (512): <span style="color:Red;text-align:left"><b>SQL Error:</b> 1452: Cannot add or update a child row: a foreign key constraint fails (`bd_ujcmbiblio_2`.`textos`, CONSTRAINT `fk_libro_subcategoria1` FOREIGN KEY (`subcategoria_id`) REFERENCES `subcategorias` (`id`) ON DELETE NO ACTION ON UPDATE NO ACTION)</span> in [C:\wamp\www\biblioteca-final\cake\libs\model\datasources\dbo_source.php, line 684]
2012-08-28 19:50:23 Warning: Warning (2): copy() [<a href='http://php.net/function.copy'>function.copy</a>]: Filename cannot be empty in [C:\wamp\www\biblioteca-final\app\controllers\adquisiciones_controller.php, line 31]
2012-08-28 19:53:43 Warning: Warning (2): copy() [<a href='http://php.net/function.copy'>function.copy</a>]: Filename cannot be empty in [C:\wamp\www\biblioteca-final\app\controllers\adquisiciones_controller.php, line 31]
2012-08-28 19:54:25 Warning: Warning (2): copy() [<a href='http://php.net/function.copy'>function.copy</a>]: Filename cannot be empty in [C:\wamp\www\biblioteca-final\app\controllers\adquisiciones_controller.php, line 31]
2012-08-28 19:54:38 Warning: Warning (2): copy() [<a href='http://php.net/function.copy'>function.copy</a>]: Filename cannot be empty in [C:\wamp\www\biblioteca-final\app\controllers\adquisiciones_controller.php, line 31]
2012-08-28 19:55:04 Warning: Warning (2): copy() [<a href='http://php.net/function.copy'>function.copy</a>]: Filename cannot be empty in [C:\wamp\www\biblioteca-final\app\controllers\adquisiciones_controller.php, line 31]
2012-08-28 19:57:09 Warning: Warning (2): copy() [<a href='http://php.net/function.copy'>function.copy</a>]: Filename cannot be empty in [C:\wamp\www\biblioteca-final\app\controllers\adquisiciones_controller.php, line 31]
2012-08-28 22:07:44 Warning: Warning (512): <span style="color:Red;text-align:left"><b>SQL Error:</b> 1064: You have an error in your SQL syntax; check the manual that corresponds to your MySQL server version for the right syntax to use near '' at line 1</span> in [C:\wamp\www\biblioteca-final\cake\libs\model\datasources\dbo_source.php, line 684]
2012-08-28 22:17:08 Warning: Warning (2): array_merge() [<a href='http://php.net/function.array-merge'>function.array-merge</a>]: Argument #1 is not an array in [C:\wamp\www\biblioteca-final\cake\libs\view\helpers\form.php, line 1218]
2012-08-28 22:22:12 Warning: Warning (2): array_merge() [<a href='http://php.net/function.array-merge'>function.array-merge</a>]: Argument #1 is not an array in [C:\wamp\www\biblioteca-final\cake\libs\view\helpers\form.php, line 1218]
2012-08-28 22:28:41 Warning: Warning (2): array_merge() [<a href='http://php.net/function.array-merge'>function.array-merge</a>]: Argument #1 is not an array in [C:\wamp\www\biblioteca-final\cake\libs\view\helpers\form.php, line 1218]
2012-08-28 23:30:12 Warning: Warning (512): <span style="color:Red;text-align:left"><b>SQL Error:</b> 1452: Cannot add or update a child row: a foreign key constraint fails (`bd_ujcmbiblio_2`.`textos`, CONSTRAINT `fk_texto_editorial1` FOREIGN KEY (`editorial_id`) REFERENCES `editorials` (`id`) ON DELETE NO ACTION ON UPDATE NO ACTION)</span> in [C:\wamp\www\biblioteca-final\cake\libs\model\datasources\dbo_source.php, line 684]
2012-08-28 23:32:10 Warning: Warning (512): <span style="color:Red;text-align:left"><b>SQL Error:</b> 1452: Cannot add or update a child row: a foreign key constraint fails (`bd_ujcmbiblio_2`.`textos`, CONSTRAINT `fk_textos_idiomas1` FOREIGN KEY (`idioma_id`) REFERENCES `idiomas` (`id`) ON DELETE NO ACTION ON UPDATE NO ACTION)</span> in [C:\wamp\www\biblioteca-final\cake\libs\model\datasources\dbo_source.php, line 684]
2012-08-28 23:34:21 Warning: Warning (2): copy() [<a href='http://php.net/function.copy'>function.copy</a>]: Filename cannot be empty in [C:\wamp\www\biblioteca-final\app\controllers\adquisiciones_controller.php, line 121]
2012-08-28 23:34:39 Warning: Warning (2): copy() [<a href='http://php.net/function.copy'>function.copy</a>]: Filename cannot be empty in [C:\wamp\www\biblioteca-final\app\controllers\adquisiciones_controller.php, line 121]
2012-08-28 23:35:14 Warning: Warning (2): copy() [<a href='http://php.net/function.copy'>function.copy</a>]: Filename cannot be empty in [C:\wamp\www\biblioteca-final\app\controllers\adquisiciones_controller.php, line 121]
2012-08-28 23:54:54 Warning: Warning (2): copy() [<a href='http://php.net/function.copy'>function.copy</a>]: Filename cannot be empty in [C:\wamp\www\biblioteca-final\app\controllers\adquisiciones_controller.php, line 150]
2012-08-28 23:55:51 Warning: Warning (2): copy() [<a href='http://php.net/function.copy'>function.copy</a>]: Filename cannot be empty in [C:\wamp\www\biblioteca-final\app\controllers\adquisiciones_controller.php, line 150]
2012-08-29 00:13:49 Warning: Warning (2): copy() [<a href='http://php.net/function.copy'>function.copy</a>]: Filename cannot be empty in [C:\wamp\www\biblioteca-final\app\controllers\adquisiciones_controller.php, line 158]
2012-08-29 01:49:31 Warning: Warning (512): <span style="color:Red;text-align:left"><b>SQL Error:</b> 1054: Unknown column 'Ejemplare.fecha_adquisicion' in 'order clause'</span> in [C:\wamp\www\biblioteca-final\cake\libs\model\datasources\dbo_source.php, line 684]
2012-08-29 01:49:31 Warning: Warning (2): Invalid argument supplied for foreach() in [C:\wamp\www\biblioteca-final\app\views\adquisiciones\index.ctp, line 60]
2012-08-29 02:49:12 Warning: Warning (2): copy() [<a href='http://php.net/function.copy'>function.copy</a>]: Filename cannot be empty in [C:\wamp\www\biblioteca-final\app\controllers\adquisiciones_controller.php, line 62]
2012-08-29 03:06:22 Warning: Warning (2): copy() [<a href='http://php.net/function.copy'>function.copy</a>]: Filename cannot be empty in [C:\wamp\www\biblioteca-final\app\controllers\adquisiciones_controller.php, line 69]
2012-08-29 03:07:44 Warning: Warning (512): <span style="color:Red;text-align:left"><b>SQL Error:</b> 1452: Cannot add or update a child row: a foreign key constraint fails (`bd_ujcmbiblio_2`.`textos`, CONSTRAINT `fk_textos_usuarios1` FOREIGN KEY (`usuario_id`) REFERENCES `usuarios` (`id`) ON DELETE NO ACTION ON UPDATE NO ACTION)</span> in [C:\wamp\www\biblioteca-final\cake\libs\model\datasources\dbo_source.php, line 684]
2012-08-29 03:09:37 Warning: Warning (512): <span style="color:Red;text-align:left"><b>SQL Error:</b> 1452: Cannot add or update a child row: a foreign key constraint fails (`bd_ujcmbiblio_2`.`textos`, CONSTRAINT `fk_textos_usuarios1` FOREIGN KEY (`usuario_id`) REFERENCES `usuarios` (`id`) ON DELETE NO ACTION ON UPDATE NO ACTION)</span> in [C:\wamp\www\biblioteca-final\cake\libs\model\datasources\dbo_source.php, line 684]
2012-08-29 03:10:52 Warning: Warning (512): <span style="color:Red;text-align:left"><b>SQL Error:</b> 1452: Cannot add or update a child row: a foreign key constraint fails (`bd_ujcmbiblio_2`.`textos`, CONSTRAINT `fk_textos_usuarios1` FOREIGN KEY (`usuario_id`) REFERENCES `usuarios` (`id`) ON DELETE NO ACTION ON UPDATE NO ACTION)</span> in [C:\wamp\www\biblioteca-final\cake\libs\model\datasources\dbo_source.php, line 684]
2012-08-29 03:11:07 Warning: Warning (512): <span style="color:Red;text-align:left"><b>SQL Error:</b> 1452: Cannot add or update a child row: a foreign key constraint fails (`bd_ujcmbiblio_2`.`textos`, CONSTRAINT `fk_textos_usuarios1` FOREIGN KEY (`usuario_id`) REFERENCES `usuarios` (`id`) ON DELETE NO ACTION ON UPDATE NO ACTION)</span> in [C:\wamp\www\biblioteca-final\cake\libs\model\datasources\dbo_source.php, line 684]
2012-08-29 03:13:38 Warning: Warning (512): <span style="color:Red;text-align:left"><b>SQL Error:</b> 1452: Cannot add or update a child row: a foreign key constraint fails (`bd_ujcmbiblio_2`.`textos`, CONSTRAINT `fk_textos_usuarios1` FOREIGN KEY (`usuario_id`) REFERENCES `usuarios` (`id`) ON DELETE NO ACTION ON UPDATE NO ACTION)</span> in [C:\wamp\www\biblioteca-final\cake\libs\model\datasources\dbo_source.php, line 684]
2012-08-29 03:14:30 Warning: Warning (512): <span style="color:Red;text-align:left"><b>SQL Error:</b> 1452: Cannot add or update a child row: a foreign key constraint fails (`bd_ujcmbiblio_2`.`textos`, CONSTRAINT `fk_textos_usuarios1` FOREIGN KEY (`usuario_id`) REFERENCES `usuarios` (`id`) ON DELETE NO ACTION ON UPDATE NO ACTION)</span> in [C:\wamp\www\biblioteca-final\cake\libs\model\datasources\dbo_source.php, line 684]
2012-08-29 03:17:40 Warning: Warning (2): copy() [<a href='http://php.net/function.copy'>function.copy</a>]: Filename cannot be empty in [C:\wamp\www\biblioteca-final\app\controllers\adquisiciones_controller.php, line 229]
2012-08-29 03:17:40 Warning: Warning (2): copy() [<a href='http://php.net/function.copy'>function.copy</a>]: Filename cannot be empty in [C:\wamp\www\biblioteca-final\app\controllers\adquisiciones_controller.php, line 231]
2012-08-29 07:53:56 Warning: Warning (2): Invalid argument supplied for foreach() in [C:\wamp\www\biblioteca-final\app\views\adquisiciones\index.ctp, line 97]
2012-08-29 05:47:42 Warning: Warning (512): <span style="color:Red;text-align:left"><b>SQL Error:</b> 1054: Unknown column 'Texto.fecha_adquisicion' in 'order clause'</span> in [/home/vol11/byethost9.com/b9_11239104/htdocs/biblioteca-ujcm/cake/libs/model/datasources/dbo_source.php, line 684]
2012-08-29 05:47:42 Warning: Warning (2): Invalid argument supplied for foreach() in [/home/vol11/byethost9.com/b9_11239104/htdocs/biblioteca-ujcm/app/views/web/index.ctp, line 10]
2012-08-29 05:59:01 Warning: Warning (512): <span style="color:Red;text-align:left"><b>SQL Error:</b> 1054: Unknown column 'Texto.fecha_adquisicion' in 'order clause'</span> in [/home/vol11/byethost9.com/b9_11239104/htdocs/biblioteca-ujcm/cake/libs/model/datasources/dbo_source.php, line 684]
2012-08-29 05:59:01 Warning: Warning (2): Invalid argument supplied for foreach() in [/home/vol11/byethost9.com/b9_11239104/htdocs/biblioteca-ujcm/app/views/web/index.ctp, line 10]
2012-08-29 06:19:13 Warning: Warning (2): Invalid argument supplied for foreach() in [/home/vol11/byethost9.com/b9_11239104/htdocs/biblioteca-ujcm/app/views/adquisiciones/index.ctp, line 97]
2012-08-29 06:20:38 Warning: Warning (2): Invalid argument supplied for foreach() in [/home/vol11/byethost9.com/b9_11239104/htdocs/biblioteca-ujcm/app/views/adquisiciones/index.ctp, line 97]
2012-08-29 06:21:38 Warning: Warning (2): copy() [<a href='http://php.net/function.copy'>function.copy</a>]: open_basedir restriction in effect. File() is not within the allowed path(s): (/php_sessions:/tmp:/var/www/errors:/home/vol11/byethost9.com/b9_11239104/htdocs) in [/home/vol11/byethost9.com/b9_11239104/htdocs/biblioteca-ujcm/app/controllers/adquisiciones_controller.php, line 248]
2012-08-29 06:42:04 Warning: Warning (512): <span style="color:Red;text-align:left"><b>SQL Error:</b> 1054: Unknown column 'Texto.fecha_adquisicion' in 'order clause'</span> in [/home/vol11/byethost9.com/b9_11239104/htdocs/biblioteca-ujcm/cake/libs/model/datasources/dbo_source.php, line 684]
2012-08-29 06:42:04 Warning: Warning (2): Invalid argument supplied for foreach() in [/home/vol11/byethost9.com/b9_11239104/htdocs/biblioteca-ujcm/app/views/lectores/index.ctp, line 11]
2012-08-29 07:19:45 Warning: Warning (512): <span style="color:Red;text-align:left"><b>SQL Error:</b> 1054: Unknown column 'Texto.fecha_adquisicion' in 'order clause'</span> in [/home/vol11/byethost9.com/b9_11239104/htdocs/biblioteca-ujcm/cake/libs/model/datasources/dbo_source.php, line 684]
2012-08-29 07:19:45 Warning: Warning (2): Invalid argument supplied for foreach() in [/home/vol11/byethost9.com/b9_11239104/htdocs/biblioteca-ujcm/app/views/lectores/index.ctp, line 11]
2012-08-29 08:02:02 Warning: Warning (2): copy() [<a href='http://php.net/function.copy'>function.copy</a>]: open_basedir restriction in effect. File() is not within the allowed path(s): (/php_sessions:/tmp:/var/www/errors:/home/vol11/byethost9.com/b9_11239104/htdocs) in [/home/vol11/byethost9.com/b9_11239104/htdocs/biblioteca-ujcm/app/controllers/adquisiciones_controller.php, line 262]
2012-08-29 08:02:02 Warning: Warning (2): copy() [<a href='http://php.net/function.copy'>function.copy</a>]: open_basedir restriction in effect. File() is not within the allowed path(s): (/php_sessions:/tmp:/var/www/errors:/home/vol11/byethost9.com/b9_11239104/htdocs) in [/home/vol11/byethost9.com/b9_11239104/htdocs/biblioteca-ujcm/app/controllers/adquisiciones_controller.php, line 264]
2012-08-29 08:02:02 Warning: Warning (2): Cannot modify header information - headers already sent by (output started at /home/vol11/byethost9.com/b9_11239104/htdocs/biblioteca-ujcm/cake/libs/debugger.php:683) in [/home/vol11/byethost9.com/b9_11239104/htdocs/biblioteca-ujcm/cake/libs/controller/controller.php, line 742]
2012-08-29 13:37:13 Error: Fatal Error (256): ConnectionManager::loadDataSource - Unable to import DataSource class .DboMysql in [/home/acredita/public_html/biblioteca/cake/libs/model/connection_manager.php, line 185]
2012-08-29 13:38:29 Error: Fatal Error (256): ConnectionManager::loadDataSource - Unable to import DataSource class .DboMysql in [/home/acredita/public_html/biblioteca/cake/libs/model/connection_manager.php, line 185]
2012-08-29 14:01:47 Warning: Warning (2): mysql_connect() [<a href='http://php.net/function.mysql-connect'>function.mysql-connect</a>]: Can't connect to MySQL server on 'sql110.byethost9.com' (4) in [/home/acredita/public_html/biblioteca/cake/libs/model/datasources/dbo/dbo_mysql.php, line 561]
2012-08-29 14:01:47 Warning: Warning (2): mysql_query() expects parameter 2 to be resource, boolean given in [/home/acredita/public_html/biblioteca/cake/libs/model/datasources/dbo/dbo_mysql.php, line 613]
2012-08-29 14:01:47 Warning: Warning (2): Cannot modify header information - headers already sent by (output started at /home/acredita/public_html/biblioteca/cake/libs/debugger.php:683) in [/home/acredita/public_html/biblioteca/cake/libs/controller/controller.php, line 742]
2012-08-29 14:02:15 Warning: Warning (2): mysql_connect() [<a href='http://php.net/function.mysql-connect'>function.mysql-connect</a>]: Lost connection to MySQL server at 'reading initial communication packet', system error: 101 in [/home/acredita/public_html/biblioteca/cake/libs/model/datasources/dbo/dbo_mysql.php, line 561]
2012-08-29 14:02:15 Warning: Warning (2): mysql_query() expects parameter 2 to be resource, boolean given in [/home/acredita/public_html/biblioteca/cake/libs/model/datasources/dbo/dbo_mysql.php, line 613]
2012-08-29 14:02:15 Warning: Warning (2): Cannot modify header information - headers already sent by (output started at /home/acredita/public_html/biblioteca/cake/libs/debugger.php:683) in [/home/acredita/public_html/biblioteca/cake/libs/controller/controller.php, line 742]
2012-08-29 17:13:22 Warning: Warning (2): copy() [<a href='http://php.net/function.copy'>function.copy</a>]: Filename cannot be empty in [/home/acredita/public_html/biblioteca/app/controllers/lectores_controller.php, line 168]
2012-08-29 17:13:22 Warning: Warning (2): Cannot modify header information - headers already sent by (output started at /home/acredita/public_html/biblioteca/cake/libs/debugger.php:683) in [/home/acredita/public_html/biblioteca/cake/libs/controller/controller.php, line 742]
2012-08-29 17:19:28 Warning: Warning (2): copy() [<a href='http://php.net/function.copy'>function.copy</a>]: Filename cannot be empty in [/home/acredita/public_html/biblioteca/app/controllers/lectores_controller.php, line 168]
2012-08-29 17:19:28 Warning: Warning (2): copy() [<a href='http://php.net/function.copy'>function.copy</a>]: Filename cannot be empty in [/home/acredita/public_html/biblioteca/app/controllers/lectores_controller.php, line 171]
2012-08-29 17:19:28 Warning: Warning (2): Cannot modify header information - headers already sent by (output started at /home/acredita/public_html/biblioteca/cake/libs/debugger.php:683) in [/home/acredita/public_html/biblioteca/cake/libs/controller/controller.php, line 742]
2012-08-29 17:25:39 Warning: Warning (2): Cannot modify header information - headers already sent by (output started at /home/acredita/public_html/biblioteca/cake/libs/debugger.php:683) in [/home/acredita/public_html/biblioteca/cake/libs/controller/controller.php, line 742]
2012-08-29 17:26:51 Warning: Warning (2): Cannot modify header information - headers already sent by (output started at /home/acredita/public_html/biblioteca/cake/libs/debugger.php:683) in [/home/acredita/public_html/biblioteca/cake/libs/controller/controller.php, line 742]
2012-08-29 18:06:46 Warning: Warning (2): Cannot modify header information - headers already sent by (output started at /home/acredita/public_html/biblioteca/cake/libs/debugger.php:683) in [/home/acredita/public_html/biblioteca/cake/libs/controller/controller.php, line 742]
2012-08-29 18:07:00 Warning: Warning (2): Cannot modify header information - headers already sent by (output started at /home/acredita/public_html/biblioteca/cake/libs/debugger.php:683) in [/home/acredita/public_html/biblioteca/cake/libs/controller/controller.php, line 742]
2012-08-29 19:35:22 Warning: Warning (2): Cannot modify header information - headers already sent by (output started at /home/acredita/public_html/biblioteca/cake/libs/debugger.php:683) in [/home/acredita/public_html/biblioteca/cake/libs/controller/controller.php, line 742]
2012-08-29 19:35:28 Warning: Warning (2): Cannot modify header information - headers already sent by (output started at /home/acredita/public_html/biblioteca/cake/libs/debugger.php:683) in [/home/acredita/public_html/biblioteca/cake/libs/controller/controller.php, line 742]
2012-08-29 21:57:24 Warning: Warning (512): <span style="color:Red;text-align:left"><b>SQL Error:</b> 1442: Can't update table 'textos' in stored function/trigger because it is already used by statement which invoked this stored function/trigger.</span> in [/home/acredita/public_html/biblioteca/cake/libs/model/datasources/dbo_source.php, line 684]
2012-08-29 21:57:24 Warning: Warning (2): Cannot modify header information - headers already sent by (output started at /home/acredita/public_html/biblioteca/cake/libs/debugger.php:683) in [/home/acredita/public_html/biblioteca/cake/libs/controller/controller.php, line 742]
2012-08-29 22:07:34 Warning: Warning (2): copy() [<a href='http://php.net/function.copy'>function.copy</a>]: Filename cannot be empty in [/home/acredita/public_html/biblioteca/app/controllers/lectores_controller.php, line 168]
2012-08-29 22:07:34 Warning: Warning (2): Cannot modify header information - headers already sent by (output started at /home/acredita/public_html/biblioteca/cake/libs/debugger.php:683) in [/home/acredita/public_html/biblioteca/cake/libs/controller/controller.php, line 742]
2012-08-30 10:49:39 Warning: Warning (2): Cannot modify header information - headers already sent by (output started at /home/acredita/public_html/biblioteca/cake/libs/debugger.php:683) in [/home/acredita/public_html/biblioteca/cake/libs/controller/controller.php, line 742]
2012-08-30 10:59:19 Warning: Warning (2): Cannot modify header information - headers already sent by (output started at /home/acredita/public_html/biblioteca/cake/libs/debugger.php:683) in [/home/acredita/public_html/biblioteca/cake/libs/controller/controller.php, line 742]
2012-09-19 18:24:03 Warning: Warning (2): Cannot modify header information - headers already sent by (output started at C:\xampp\htdocs\biblioteca\app\controllers\lectores_controller.php:1) in [C:\xampp\htdocs\biblioteca\cake\libs\controller\controller.php, line 742]
2012-09-19 18:25:01 Warning: Warning (2): Cannot modify header information - headers already sent by (output started at C:\xampp\htdocs\biblioteca\app\controllers\lectores_controller.php:1) in [C:\xampp\htdocs\biblioteca\cake\libs\controller\controller.php, line 742]
2012-09-19 18:27:09 Warning: Warning (2): Cannot modify header information - headers already sent by (output started at C:\xampp\htdocs\biblioteca\app\controllers\lectores_controller.php:1) in [C:\xampp\htdocs\biblioteca\cake\libs\controller\controller.php, line 742]
2012-09-19 18:28:24 Warning: Warning (2): Cannot modify header information - headers already sent by (output started at C:\xampp\htdocs\biblioteca\app\controllers\lectores_controller.php:1) in [C:\xampp\htdocs\biblioteca\cake\libs\controller\controller.php, line 742]
2012-09-19 18:29:10 Warning: Warning (2): Cannot modify header information - headers already sent by (output started at C:\xampp\htdocs\biblioteca\app\controllers\lectores_controller.php:1) in [C:\xampp\htdocs\biblioteca\cake\libs\controller\controller.php, line 742]
2012-09-19 18:30:30 Warning: Warning (2): Cannot modify header information - headers already sent by (output started at C:\xampp\htdocs\biblioteca\app\controllers\lectores_controller.php:1) in [C:\xampp\htdocs\biblioteca\cake\libs\controller\controller.php, line 742]
2012-09-19 18:31:15 Warning: Warning (2): Cannot modify header information - headers already sent by (output started at C:\xampp\htdocs\biblioteca\cake\libs\debugger.php:683) in [C:\xampp\htdocs\biblioteca\cake\libs\controller\controller.php, line 742]
2012-09-19 18:32:23 Warning: Warning (2): Cannot modify header information - headers already sent by (output started at C:\xampp\htdocs\biblioteca\app\controllers\lectores_controller.php:1) in [C:\xampp\htdocs\biblioteca\cake\libs\controller\controller.php, line 742]
2012-09-19 18:34:21 Warning: Warning (2): Cannot modify header information - headers already sent by (output started at C:\xampp\htdocs\biblioteca\app\controllers\lectores_controller.php:1) in [C:\xampp\htdocs\biblioteca\cake\libs\controller\controller.php, line 742]
2012-10-31 12:14:38 Warning: Warning (2): mysql_connect() [<a href='http://php.net/function.mysql-connect'>function.mysql-connect</a>]: Access denied for user 'root'@'localhost' (using password: NO) in [/home/acredita/public_html/biblioteca/cake/libs/model/datasources/dbo/dbo_mysql.php, line 561]
2012-10-31 12:14:38 Warning: Warning (2): mysql_query() expects parameter 2 to be resource, boolean given in [/home/acredita/public_html/biblioteca/cake/libs/model/datasources/dbo/dbo_mysql.php, line 613]
2012-10-31 12:14:38 Warning: Warning (2): Cannot modify header information - headers already sent by (output started at /home/acredita/public_html/biblioteca/cake/libs/debugger.php:683) in [/home/acredita/public_html/biblioteca/cake/libs/controller/controller.php, line 742]
2012-10-31 12:14:49 Warning: Warning (2): mysql_connect() [<a href='http://php.net/function.mysql-connect'>function.mysql-connect</a>]: Access denied for user 'root'@'localhost' (using password: NO) in [/home/acredita/public_html/biblioteca/cake/libs/model/datasources/dbo/dbo_mysql.php, line 561]
2012-10-31 12:14:49 Warning: Warning (2): mysql_query() expects parameter 2 to be resource, boolean given in [/home/acredita/public_html/biblioteca/cake/libs/model/datasources/dbo/dbo_mysql.php, line 613]
2012-10-31 12:14:49 Warning: Warning (2): Cannot modify header information - headers already sent by (output started at /home/acredita/public_html/biblioteca/cake/libs/debugger.php:683) in [/home/acredita/public_html/biblioteca/cake/libs/controller/controller.php, line 742]
2012-10-31 12:14:53 Warning: Warning (2): mysql_connect() [<a href='http://php.net/function.mysql-connect'>function.mysql-connect</a>]: Access denied for user 'root'@'localhost' (using password: NO) in [/home/acredita/public_html/biblioteca/cake/libs/model/datasources/dbo/dbo_mysql.php, line 561]
2012-10-31 12:14:53 Warning: Warning (2): mysql_query() expects parameter 2 to be resource, boolean given in [/home/acredita/public_html/biblioteca/cake/libs/model/datasources/dbo/dbo_mysql.php, line 613]
2012-10-31 12:14:53 Warning: Warning (2): Cannot modify header information - headers already sent by (output started at /home/acredita/public_html/biblioteca/cake/libs/debugger.php:683) in [/home/acredita/public_html/biblioteca/cake/libs/controller/controller.php, line 742]
2013-01-22 11:03:47 Warning: Warning (2): copy() [<a href='http://php.net/function.copy'>function.copy</a>]: Filename cannot be empty in [/home/acredita/public_html/biblioteca/app/controllers/adquisiciones_controller.php, line 200]
2013-01-22 11:03:47 Warning: Warning (2): Cannot modify header information - headers already sent by (output started at /home/acredita/public_html/biblioteca/cake/libs/debugger.php:683) in [/home/acredita/public_html/biblioteca/cake/libs/controller/controller.php, line 742]
2013-03-20 07:28:35 Warning: Warning (2): mysql_connect() [<a href='http://php.net/function.mysql-connect'>function.mysql-connect</a>]: Too many connections in [/home/acredita/public_html/biblioteca/cake/libs/model/datasources/dbo/dbo_mysql.php, line 561]
2013-03-20 07:28:35 Warning: Warning (2): mysql_query() expects parameter 2 to be resource, boolean given in [/home/acredita/public_html/biblioteca/cake/libs/model/datasources/dbo/dbo_mysql.php, line 613]
2013-03-20 07:28:35 Warning: Warning (2): Cannot modify header information - headers already sent by (output started at /home/acredita/public_html/biblioteca/cake/libs/debugger.php:683) in [/home/acredita/public_html/biblioteca/cake/libs/controller/controller.php, line 742]
2013-05-07 18:55:35 Error: Fatal Error (256): ConnectionManager::getDataSource - Non-existent data source default in [C:\xampp\htdocs\biblioteca\cake\libs\model\connection_manager.php, line 102]
2013-05-07 18:55:55 Error: Fatal Error (256): ConnectionManager::getDataSource - Non-existent data source default in [C:\xampp\htdocs\biblioteca\cake\libs\model\connection_manager.php, line 102]
2013-05-07 18:55:57 Error: Fatal Error (256): ConnectionManager::getDataSource - Non-existent data source default in [C:\xampp\htdocs\biblioteca\cake\libs\model\connection_manager.php, line 102]
2013-05-07 19:26:00 Warning: Warning (2): hash() [<a href='http://php.net/function.hash'>function.hash</a>]: Unknown hashing algorithm: bienestar in [C:\xampp\htdocs\biblioteca\cake\libs\security.php, line 144]
2013-05-07 19:26:00 Warning: Warning (2): hash() [<a href='http://php.net/function.hash'>function.hash</a>]: Unknown hashing algorithm: bienestar in [C:\xampp\htdocs\biblioteca\cake\libs\security.php, line 144]
2013-05-07 19:30:55 Warning: Warning (2): hash() [<a href='http://php.net/function.hash'>function.hash</a>]: Unknown hashing algorithm: bienestar in [C:\xampp\htdocs\biblioteca\cake\libs\security.php, line 144]
2013-05-07 19:33:29 Warning: Warning (2): hash() [<a href='http://php.net/function.hash'>function.hash</a>]: Unknown hashing algorithm: bienestar in [C:\xampp\htdocs\biblioteca\cake\libs\security.php, line 144]
2013-05-07 19:35:09 Warning: Warning (2): hash() [<a href='http://php.net/function.hash'>function.hash</a>]: Unknown hashing algorithm: bienestar in [C:\xampp\htdocs\biblioteca\cake\libs\security.php, line 144]
2013-05-07 19:35:54 Warning: Warning (2): hash() [<a href='http://php.net/function.hash'>function.hash</a>]: Unknown hashing algorithm: bienestar in [C:\xampp\htdocs\biblioteca\cake\libs\security.php, line 144]
2013-05-08 00:46:06 Warning: Warning (512): <span style="color:Red;text-align:left"><b>SQL Error:</b> 1064: You have an error in your SQL syntax; check the manual that corresponds to your MySQL server version for the right syntax to use near 'AND p.sancione_id > 1' at line 7</span> in [C:\xampp\htdocs\biblioteca\cake\libs\model\datasources\dbo_source.php, line 684]
2013-05-08 00:46:06 Warning: Warning (2): Invalid argument supplied for foreach() in [C:\xampp\htdocs\biblioteca\app\views\lectores\sanciones.ctp, line 48]
